<!DOCTYPE html PUBLIC "-//W3C//DTD XHTML 1.1//EN" "https://www.w3.org/TR/xhtml11/DTD/xhtml11.dtd">
<html xmlns="https://www.w3.org/1999/xhtml">
<head>
<meta http-equiv="content-type" content="text/html; charset=UTF-8"/>
<title>TestNG Report</title>
<style type="text/css">table {margin-bottom:10px;border-collapse:collapse;empty-cells:show}th,td {border:1px solid #009;padding:.25em .5em}th {vertical-align:bottom}td {vertical-align:top}table a {font-weight:bold}.stripe td {background-color: #E6EBF9}.num {text-align:right}.passedodd td {background-color: #3F3}.passedeven td {background-color: #0A0}.skippedodd td {background-color: #DDD}.skippedeven td {background-color: #CCC}.failedodd td,.attn {background-color: #F33}.failedeven td,.stripe .attn {background-color: #D00}.stacktrace {white-space:pre;font-family:monospace}.totop {font-size:85%;text-align:center;border-bottom:2px solid #000}.invisible {display:none}</style>
</head>
<body>
<table>
<tr><th>Test</th><th># Passed</th><th># Skipped</th><th># Retried</th><th># Failed</th><th>Time (ms)</th><th>Included Groups</th><th>Excluded Groups</th></tr>
<tr><th colspan="8">Surefire suite</th></tr>
<tr><td><a href="#t0">Surefire test</a></td><td class="num">2</td><td class="num">0</td><td class="num">0</td><td class="num attn">2</td><td class="num">43,898</td><td></td><td></td></tr>
</table>
<table id='summary'><thead><tr><th>Class</th><th>Method</th><th>Start</th><th>Time (ms)</th></tr></thead><tbody><tr><th colspan="4">Surefire suite</th></tr></tbody><tbody id="t0"><tr><th colspan="4">Surefire test &#8212; failed</th></tr><tr class="failedeven"><td rowspan="1">automation.StandAloneTestNGImpl2Test</td><td><a href="#m0">createOrder</a></td><td rowspan="1">1742477195677</td><td rowspan="1">1093</td></tr><tr class="failedodd"><td rowspan="1">runners.TestRunnersTesNG</td><td><a href="#m1">runScenario</a></td><td rowspan="1">1742477212064</td><td rowspan="1">8015</td></tr><tr><th colspan="4">Surefire test &#8212; passed</th></tr><tr class="passedeven"><td rowspan="1">automation.StandAloneTestNGImplTest</td><td><a href="#m2">createOrder</a></td><td rowspan="1">1742477205601</td><td rowspan="1">5257</td></tr><tr class="passedodd"><td rowspan="1">tugas.tdTest</td><td><a href="#m3">tugas</a></td><td rowspan="1">1742477224837</td><td rowspan="1">4931</td></tr></tbody>
</table>
<h2>Surefire test</h2><h3 id="m0">automation.StandAloneTestNGImpl2Test#createOrder</h3><table class="result"><tr class="param"><th>Parameter #1</th></tr><tr class="param stripe"><td>{firstName=John, PostalCode=12345, password=jPF.TLurtbM@Yk5, LastName=Wick, useremail=aotomation@mailnesia.com}</td></tr><tr><th>Exception</th></tr><tr><td><div class="stacktrace">java.lang.NullPointerException: Cannot invoke &quot;org.openqa.selenium.WebElement.findElement(org.openqa.selenium.By)&quot; because &quot;product&quot; is null
	at automation.StandAloneTestNGImpl2Test.createOrder(StandAloneTestNGImpl2Test.java:70)
	at java.base/java.util.ArrayList.forEach(ArrayList.java:1596)
... Removed 30 stack frames</div></td></tr></table><p class="totop"><a href="#summary">back to summary</a></p>
<h3 id="m1">runners.TestRunnersTesNG#runScenario</h3><table class="result"><tr class="param"><th>Parameter #1</th><th>Parameter #2</th></tr><tr class="param stripe"><td>&quot;Create Order Positive Case&quot;</td><td>&quot;Purchase a product from the online store&quot;</td></tr><tr><th colspan="2">Exception</th></tr><tr><td colspan="2"><div class="stacktrace">org.openqa.selenium.ElementClickInterceptedException: element click intercepted: Element is not clickable at point (404, 743)
  (Session info: chrome=134.0.6998.89)
Build info: version: &apos;4.29.0&apos;, revision: &apos;5fc1ec94cb&apos;
System info: os.name: &apos;Windows 11&apos;, os.arch: &apos;amd64&apos;, os.version: &apos;10.0&apos;, java.version: &apos;21.0.5&apos;
Driver info: org.openqa.selenium.chrome.ChromeDriver
Command: [b21df782ca7033687068450e161f346b, clickElement {id=f.4AA89DDF658F89EDE18B0E34195EA74E.d.B76865859E4F1AC5B6E0E2CA78502E06.e.75}]
Capabilities {acceptInsecureCerts: false, browserName: chrome, browserVersion: 134.0.6998.89, chrome: {chromedriverVersion: 134.0.6998.88 (7e3d5c978c6d..., userDataDir: C:\Users\Escha\AppData\Loca...}, fedcm:accounts: true, goog:chromeOptions: {debuggerAddress: localhost:62943}, networkConnectionEnabled: false, pageLoadStrategy: normal, platformName: windows, proxy: Proxy(), se:cdp: ws://localhost:62943/devtoo..., se:cdpVersion: 134.0.6998.89, setWindowRect: true, strictFileInteractability: false, timeouts: {implicit: 0, pageLoad: 300000, script: 30000}, unhandledPromptBehavior: dismiss and notify, webauthn:extension:credBlob: true, webauthn:extension:largeBlob: true, webauthn:extension:minPinLength: true, webauthn:extension:prf: true, webauthn:virtualAuthenticators: true}
Element: [[[[ChromeDriver: chrome on windows (b21df782ca7033687068450e161f346b)] -&gt; css selector: .mb-3]] -&gt; xpath: //div[@class=&apos;card-body&apos;]//child::button//child::i[@class=&apos;fa fa-shopping-cart&apos;]]
Session ID: b21df782ca7033687068450e161f346b
	at org.openqa.selenium.remote.ErrorCodec.decode(ErrorCodec.java:167)
	at org.openqa.selenium.remote.codec.w3c.W3CHttpResponseCodec.decode(W3CHttpResponseCodec.java:138)
	at org.openqa.selenium.remote.codec.w3c.W3CHttpResponseCodec.decode(W3CHttpResponseCodec.java:50)
	at org.openqa.selenium.remote.HttpCommandExecutor.execute(HttpCommandExecutor.java:215)
	at org.openqa.selenium.remote.service.DriverCommandExecutor.invokeExecute(DriverCommandExecutor.java:216)
	at org.openqa.selenium.remote.service.DriverCommandExecutor.execute(DriverCommandExecutor.java:174)
	at org.openqa.selenium.remote.RemoteWebDriver.execute(RemoteWebDriver.java:545)
	at org.openqa.selenium.remote.RemoteWebElement.execute(RemoteWebElement.java:223)
	at org.openqa.selenium.remote.RemoteWebElement.click(RemoteWebElement.java:76)
	at com.webautomation.pageobject.ProductListPage.addToCart(ProductListPage.java:46)
	at stepdefinitions.StepdefinitionsImpl.addProductToCart(StepdefinitionsImpl.java:43)
	at âœ½.Buyer add a product ZARA COAT 3 to the cart(file:///D:/Bootcamp%20QA/WebAutomation/src/test/resources/features/CreateOrder.feature:15)
... Removed 3 stack frames</div></td></tr></table><p class="totop"><a href="#summary">back to summary</a></p>
<h3 id="m2">automation.StandAloneTestNGImplTest#createOrder</h3><table class="result"><tr class="param"><th>Parameter #1</th></tr><tr class="param stripe"><td>{productname=ZARA COAT 3, password=jPF.TLurtbM@Yk5, useremail=aotomation@mailnesia.com}</td></tr></table><p class="totop"><a href="#summary">back to summary</a></p>
<h3 id="m3">tugas.tdTest#tugas</h3><table class="result"><tr class="param"><th>Parameter #1</th></tr><tr class="param stripe"><td>{productname=Sauce Labs Backpack, password=secret_sauce, username=standard_user}</td></tr></table><p class="totop"><a href="#summary">back to summary</a></p>
</body>
</html>
