<?xml version="1.0" encoding="UTF-8"?>
<testsuite name="Cucumber" time="8.231" tests="1" skipped="0" failures="1" errors="0" timestamp="2025-03-20T13:26:51.853382900Z">
<testcase classname="Purchase a product from the online store" name="Create Order Positive Case - #1.1" time="7.924">
<failure type="org.openqa.selenium.ElementClickInterceptedException" message="element click intercepted: Element is not clickable at point (404, 743)
  (Session info: chrome=134.0.6998.89)
Build info: version: '4.29.0', revision: '5fc1ec94cb'
System info: os.name: 'Windows 11', os.arch: 'amd64', os.version: '10.0', java.version: '21.0.5'
Driver info: org.openqa.selenium.chrome.ChromeDriver
Command: [b21df782ca7033687068450e161f346b, clickElement {id=f.4AA89DDF658F89EDE18B0E34195EA74E.d.B76865859E4F1AC5B6E0E2CA78502E06.e.75}]
Capabilities {acceptInsecureCerts: false, browserName: chrome, browserVersion: 134.0.6998.89, chrome: {chromedriverVersion: 134.0.6998.88 (7e3d5c978c6d..., userDataDir: C:\Users\Escha\AppData\Loca...}, fedcm:accounts: true, goog:chromeOptions: {debuggerAddress: localhost:62943}, networkConnectionEnabled: false, pageLoadStrategy: normal, platformName: windows, proxy: Proxy(), se:cdp: ws://localhost:62943/devtoo..., se:cdpVersion: 134.0.6998.89, setWindowRect: true, strictFileInteractability: false, timeouts: {implicit: 0, pageLoad: 300000, script: 30000}, unhandledPromptBehavior: dismiss and notify, webauthn:extension:credBlob: true, webauthn:extension:largeBlob: true, webauthn:extension:minPinLength: true, webauthn:extension:prf: true, webauthn:virtualAuthenticators: true}
Element: [[[[ChromeDriver: chrome on windows (b21df782ca7033687068450e161f346b)] -&gt; css selector: .mb-3]] -&gt; xpath: //div[@class='card-body']//child::button//child::i[@class='fa fa-shopping-cart']]
Session ID: b21df782ca7033687068450e161f346b">
<![CDATA[org.openqa.selenium.ElementClickInterceptedException: element click intercepted: Element is not clickable at point (404, 743)
  (Session info: chrome=134.0.6998.89)
Build info: version: '4.29.0', revision: '5fc1ec94cb'
System info: os.name: 'Windows 11', os.arch: 'amd64', os.version: '10.0', java.version: '21.0.5'
Driver info: org.openqa.selenium.chrome.ChromeDriver
Command: [b21df782ca7033687068450e161f346b, clickElement {id=f.4AA89DDF658F89EDE18B0E34195EA74E.d.B76865859E4F1AC5B6E0E2CA78502E06.e.75}]
Capabilities {acceptInsecureCerts: false, browserName: chrome, browserVersion: 134.0.6998.89, chrome: {chromedriverVersion: 134.0.6998.88 (7e3d5c978c6d..., userDataDir: C:\Users\Escha\AppData\Loca...}, fedcm:accounts: true, goog:chromeOptions: {debuggerAddress: localhost:62943}, networkConnectionEnabled: false, pageLoadStrategy: normal, platformName: windows, proxy: Proxy(), se:cdp: ws://localhost:62943/devtoo..., se:cdpVersion: 134.0.6998.89, setWindowRect: true, strictFileInteractability: false, timeouts: {implicit: 0, pageLoad: 300000, script: 30000}, unhandledPromptBehavior: dismiss and notify, webauthn:extension:credBlob: true, webauthn:extension:largeBlob: true, webauthn:extension:minPinLength: true, webauthn:extension:prf: true, webauthn:virtualAuthenticators: true}
Element: [[[[ChromeDriver: chrome on windows (b21df782ca7033687068450e161f346b)] -> css selector: .mb-3]] -> xpath: //div[@class='card-body']//child::button//child::i[@class='fa fa-shopping-cart']]
Session ID: b21df782ca7033687068450e161f346b
	at java.base/jdk.internal.reflect.DirectConstructorHandleAccessor.newInstance(DirectConstructorHandleAccessor.java:62)
	at java.base/java.lang.reflect.Constructor.newInstanceWithCaller(Constructor.java:502)
	at java.base/java.lang.reflect.Constructor.newInstance(Constructor.java:486)
	at org.openqa.selenium.remote.ErrorCodec.decode(ErrorCodec.java:167)
	at org.openqa.selenium.remote.codec.w3c.W3CHttpResponseCodec.decode(W3CHttpResponseCodec.java:138)
	at org.openqa.selenium.remote.codec.w3c.W3CHttpResponseCodec.decode(W3CHttpResponseCodec.java:50)
	at org.openqa.selenium.remote.HttpCommandExecutor.execute(HttpCommandExecutor.java:215)
	at org.openqa.selenium.remote.service.DriverCommandExecutor.invokeExecute(DriverCommandExecutor.java:216)
	at org.openqa.selenium.remote.service.DriverCommandExecutor.execute(DriverCommandExecutor.java:174)
	at org.openqa.selenium.remote.RemoteWebDriver.execute(RemoteWebDriver.java:545)
	at org.openqa.selenium.remote.RemoteWebElement.execute(RemoteWebElement.java:223)
	at org.openqa.selenium.remote.RemoteWebElement.click(RemoteWebElement.java:76)
	at com.webautomation.pageobject.ProductListPage.addToCart(ProductListPage.java:46)
	at stepdefinitions.StepdefinitionsImpl.addProductToCart(StepdefinitionsImpl.java:43)
	at âœ½.Buyer add a product ZARA COAT 3 to the cart(file:///D:/Bootcamp%20QA/WebAutomation/src/test/resources/features/CreateOrder.feature:15)
]]>
</failure>
<system-out><![CDATA[
Given Buyer landing to ecommerce............................................passed
Given Buyer login to the website email aotomation@mailnesia.com and password jPF.TLurtbM@Yk5.passed
When Buyer add a product ZARA COAT 3 to the cart............................failed
And Buyer checkout product ZARA COAT 3......................................skipped
And Buyer place order Indonesia.............................................skipped
Then Buyer will see message is displayed on confirmation page THANKYOU FOR THE ORDER..skipped
]]></system-out>
</testcase>
</testsuite>
